# JRE version: OpenJDK Runtime Environment JBR-11.0.15.10-2043.56-jcef (11.0.15+10) (build 11.0.15+10-b2043.56)
# Java VM: OpenJDK 64-Bit Server VM JBR-11.0.15.10-2043.56-jcef (11.0.15+10-b2043.56, mixed mode, tiered, compressed oops, g1 gc, windows-amd64)
Heap:
 garbage-first heap   total 531456K, used 511421K [0x00000000d0800000, 0x0000000100000000)
  region size 1024K, 9 young (9216K), 2 survivors (2048K)
 Metaspace       used 209679K, capacity 216738K, committed 218192K, reserved 1239040K
  class space    used 24651K, capacity 27501K, committed 28028K, reserved 1048576K
GC Heap History (20 events):
Event: 62.151 GC heap before
{Heap before GC invocations=136 (full 0):
 garbage-first heap   total 393216K, used 235726K [0x00000000d0800000, 0x0000000100000000)
  region size 1024K, 19 young (19456K), 2 survivors (2048K)
 Metaspace       used 199333K, capacity 206662K, committed 207568K, reserved 1230848K
  class space    used 23597K, capacity 26597K, committed 26876K, reserved 1048576K
}
Event: 62.159 GC heap after
{Heap after GC invocations=137 (full 0):
 garbage-first heap   total 393216K, used 219136K [0x00000000d0800000, 0x0000000100000000)
  region size 1024K, 2 young (2048K), 2 survivors (2048K)
 Metaspace       used 199333K, capacity 206662K, committed 207568K, reserved 1230848K
  class space    used 23597K, capacity 26597K, committed 26876K, reserved 1048576K
}
Event: 65.357 GC heap before
{Heap before GC invocations=137 (full 0):
 garbage-first heap   total 393216K, used 310272K [0x00000000d0800000, 0x0000000100000000)
  region size 1024K, 92 young (94208K), 2 survivors (2048K)
 Metaspace       used 206533K, capacity 213874K, committed 214352K, reserved 1236992K
  class space    used 24573K, capacity 27612K, committed 27772K, reserved 1048576K
}
Event: 65.398 GC heap after
{Heap after GC invocations=138 (full 0):
 garbage-first heap   total 393216K, used 244621K [0x00000000d0800000, 0x0000000100000000)
  region size 1024K, 12 young (12288K), 12 survivors (12288K)
 Metaspace       used 206533K, capacity 213874K, committed 214352K, reserved 1236992K
  class space    used 24573K, capacity 27612K, committed 27772K, reserved 1048576K
}
Event: 66.117 GC heap before
{Heap before GC invocations=138 (full 0):
 garbage-first heap   total 393216K, used 313229K [0x00000000d0800000, 0x0000000100000000)
  region size 1024K, 79 young (80896K), 12 survivors (12288K)
 Metaspace       used 207152K, capacity 214514K, committed 214992K, reserved 1236992K
  class space    used 24624K, capacity 27676K, committed 27900K, reserved 1048576K
}
Event: 66.147 GC heap after
{Heap after GC invocations=139 (full 0):
 garbage-first heap   total 393216K, used 252713K [0x00000000d0800000, 0x0000000100000000)
  region size 1024K, 9 young (9216K), 9 survivors (9216K)
 Metaspace       used 207152K, capacity 214514K, committed 214992K, reserved 1236992K
  class space    used 24624K, capacity 27676K, committed 27900K, reserved 1048576K
}
Event: 66.621 GC heap before
{Heap before GC invocations=139 (full 0):
 garbage-first heap   total 393216K, used 318249K [0x00000000d0800000, 0x0000000100000000)
  region size 1024K, 73 young (74752K), 9 survivors (9216K)
 Metaspace       used 207533K, capacity 214898K, committed 215504K, reserved 1236992K
  class space    used 24631K, capacity 27676K, committed 27900K, reserved 1048576K
}
Event: 66.632 GC heap after
{Heap after GC invocations=140 (full 0):
 garbage-first heap   total 393216K, used 254976K [0x00000000d0800000, 0x0000000100000000)
  region size 1024K, 2 young (2048K), 2 survivors (2048K)
 Metaspace       used 207533K, capacity 214898K, committed 215504K, reserved 1236992K
  class space    used 24631K, capacity 27676K, committed 27900K, reserved 1048576K
}
Event: 66.923 GC heap before
{Heap before GC invocations=140 (full 0):
 garbage-first heap   total 393216K, used 325632K [0x00000000d0800000, 0x0000000100000000)
  region size 1024K, 69 young (70656K), 2 survivors (2048K)
 Metaspace       used 207853K, capacity 215243K, committed 215760K, reserved 1236992K
  class space    used 24666K, capacity 27720K, committed 27900K, reserved 1048576K
}
Event: 66.931 GC heap after
{Heap after GC invocations=141 (full 0):
 garbage-first heap   total 393216K, used 255217K [0x00000000d0800000, 0x0000000100000000)
  region size 1024K, 3 young (3072K), 3 survivors (3072K)
 Metaspace       used 207853K, capacity 215243K, committed 215760K, reserved 1236992K
  class space    used 24666K, capacity 27720K, committed 27900K, reserved 1048576K
}
Event: 67.446 GC heap before
{Heap before GC invocations=141 (full 0):
 garbage-first heap   total 393216K, used 330993K [0x00000000d0800000, 0x0000000100000000)
  region size 1024K, 72 young (73728K), 3 survivors (3072K)
 Metaspace       used 209341K, capacity 216784K, committed 217168K, reserved 1239040K
  class space    used 24830K, capacity 27884K, committed 28028K, reserved 1048576K
}
Event: 67.455 GC heap after
{Heap after GC invocations=142 (full 0):
 garbage-first heap   total 393216K, used 258254K [0x00000000d0800000, 0x0000000100000000)
  region size 1024K, 4 young (4096K), 4 survivors (4096K)
 Metaspace       used 209341K, capacity 216784K, committed 217168K, reserved 1239040K
  class space    used 24830K, capacity 27884K, committed 28028K, reserved 1048576K
}
Event: 68.048 GC heap before
{Heap before GC invocations=142 (full 0):
 garbage-first heap   total 393216K, used 330958K [0x00000000d0800000, 0x0000000100000000)
  region size 1024K, 75 young (76800K), 4 survivors (4096K)
 Metaspace       used 209631K, capacity 217121K, committed 217424K, reserved 1239040K
  class space    used 24834K, capacity 27887K, committed 28028K, reserved 1048576K
}
Event: 68.059 GC heap after
{Heap after GC invocations=143 (full 0):
 garbage-first heap   total 393216K, used 264334K [0x00000000d0800000, 0x0000000100000000)
  region size 1024K, 9 young (9216K), 9 survivors (9216K)
 Metaspace       used 209631K, capacity 217121K, committed 217424K, reserved 1239040K
  class space    used 24834K, capacity 27887K, committed 28028K, reserved 1048576K
}
Event: 68.545 GC heap before
{Heap before GC invocations=143 (full 0):
 garbage-first heap   total 393216K, used 333966K [0x00000000d0800000, 0x0000000100000000)
  region size 1024K, 77 young (78848K), 9 survivors (9216K)
 Metaspace       used 209898K, capacity 217423K, committed 217680K, reserved 1239040K
  class space    used 24852K, capacity 27921K, committed 28028K, reserved 1048576K
}
Event: 68.554 GC heap after
{Heap after GC invocations=144 (full 0):
 garbage-first heap   total 393216K, used 264296K [0x00000000d0800000, 0x0000000100000000)
  region size 1024K, 6 young (6144K), 6 survivors (6144K)
 Metaspace       used 209898K, capacity 217423K, committed 217680K, reserved 1239040K
  class space    used 24852K, capacity 27921K, committed 28028K, reserved 1048576K
}
Event: 68.755 GC heap before
{Heap before GC invocations=144 (full 0):
 garbage-first heap   total 393216K, used 339048K [0x00000000d0800000, 0x0000000100000000)
  region size 1024K, 76 young (77824K), 6 survivors (6144K)
 Metaspace       used 209899K, capacity 217423K, committed 217680K, reserved 1239040K
  class space    used 24852K, capacity 27921K, committed 28028K, reserved 1048576K
}
Event: 68.759 GC heap after
{Heap after GC invocations=145 (full 0):
 garbage-first heap   total 393216K, used 264460K [0x00000000d0800000, 0x0000000100000000)
  region size 1024K, 6 young (6144K), 6 survivors (6144K)
 Metaspace       used 209899K, capacity 217423K, committed 217680K, reserved 1239040K
  class space    used 24852K, capacity 27921K, committed 28028K, reserved 1048576K
}
Event: 72.813 GC heap before
{Heap before GC invocations=145 (full 0):
 garbage-first heap   total 393216K, used 313612K [0x00000000d0800000, 0x0000000100000000)
  region size 1024K, 51 young (52224K), 6 survivors (6144K)
 Metaspace       used 210302K, capacity 217748K, committed 217936K, reserved 1239040K
  class space    used 24875K, capacity 27940K, committed 28028K, reserved 1048576K
}
Event: 72.822 GC heap after
{Heap after GC invocations=146 (full 0):
 garbage-first heap   total 393216K, used 262589K [0x00000000d0800000, 0x0000000100000000)
  region size 1024K, 2 young (2048K), 2 survivors (2048K)
 Metaspace       used 210302K, capacity 217748K, committed 217936K, reserved 1239040K
  class space    used 24875K, capacity 27940K, committed 28028K, reserved 1048576K
}

